 SVD starting
 SVD done
 ll           0           1   68.4489975       68.4489975
 ll           0           2   25.6073055       94.0563049
 ll           0           3   2.74840474       96.8047104
 ll           0           4  0.981459558       97.7861710
 ll           0           5  0.597835064       98.3840027
 ll           0           6  0.385053128       98.7690582
 ll           0           7  0.270696521       99.0397568
 ll           0           8  0.249323741       99.2890778
           0 mode           1 r(ak,bk)=  0.763171196
           0 mode           2 r(ak,bk)=  0.830602407
           0 mode           3 r(ak,bk)=  0.669431746
           0 mode           4 r(ak,bk)=  0.598418355
           0 mode           5 r(ak,bk)=  0.594737470
           0 mode           6 r(ak,bk)=  0.717464149
           0 mode           7 r(ak,bk)=  0.725598395
           0 mode           8 r(ak,bk)=  0.630009651
           0 m=           1 prcnt_var1 xplnd by vec2   1.21370294E-06
           0 m=           1 prcnt_var2 xplnd by vec1  0.259653956
           0 m=           2 prcnt_var1 xplnd by vec2   1.39852216E-06
           0 m=           2 prcnt_var2 xplnd by vec1  0.370179325
           0 m=           3 prcnt_var1 xplnd by vec2   9.59239173E-07
           0 m=           3 prcnt_var2 xplnd by vec1  0.106379494
           0 m=           4 prcnt_var1 xplnd by vec2   1.17290801E-06
           0 m=           4 prcnt_var2 xplnd by vec1   3.13129351E-02
           0 m=           5 prcnt_var1 xplnd by vec2   7.71988368E-07
           0 m=           5 prcnt_var2 xplnd by vec1   2.89133824E-02
           0 m=           6 prcnt_var1 xplnd by vec2   8.94937159E-07
           0 m=           6 prcnt_var2 xplnd by vec1   2.90970746E-02
           0 m=           7 prcnt_var1 xplnd by vec2   4.38048488E-07
           0 m=           7 prcnt_var2 xplnd by vec1   1.70587599E-02
           0 m=           8 prcnt_var1 xplnd by vec2   8.83298810E-07
           0 m=           8 prcnt_var2 xplnd by vec1   2.21754983E-02
